<?xml version="1.0" encoding="UTF-8"?>
<!-- Generated by org.testng.reporters.JUnitReportReporter -->
<testsuite hostname="Raashids-MacBook-Air.local" failures="0" tests="3" name="testcases.HomePageTest" time="39.248" errors="0" timestamp="06 Sep. 2023 14:07:01 GMT" skipped="0">
  <testcase classname="testcases.HomePageTest" name="verifyHomePageTitleTest" time="11.781"/>
  <testcase classname="testcases.HomePageTest" name="verifyUserNameTest" time="14.213"/>
  <testcase classname="testcases.HomePageTest" name="verifyContactLinkTest" time="13.254"/>
</testsuite> <!-- testcases.HomePageTest -->
