<?xml version="1.0" encoding="UTF-8"?>
<!-- Generated by org.testng.reporters.JUnitReportReporter -->
<testsuite hostname="Raashids-MacBook-Air.local" failures="0" tests="3" name="testcases.LandingPageTest" time="28.302" errors="0" timestamp="02 Sep. 2023 20:04:43 GMT" skipped="0">
  <testcase classname="testcases.LandingPageTest" name="ValidatePageTitle" time="7.594"/>
  <testcase classname="testcases.LandingPageTest" name="SelectCityName" time="13.948"/>
  <testcase classname="testcases.LandingPageTest" name="signUp" time="6.760"/>
</testsuite> <!-- testcases.LandingPageTest -->
