<?xml version="1.0" encoding="UTF-8"?>
<!-- Generated by org.testng.reporters.JUnitReportReporter -->
<testsuite hostname="Raashids-MacBook-Air.local" failures="0" tests="2" name="testcases.LoginPageTest" time="17.828" errors="0" timestamp="07 Sep. 2023 12:24:56 GMT" skipped="0">
  <testcase classname="testcases.LoginPageTest" name="verifyPageTitleTest" time="7.703"/>
  <testcase classname="testcases.LoginPageTest" name="login" time="10.125"/>
</testsuite> <!-- testcases.LoginPageTest -->
