<?xml version="1.0" encoding="UTF-8"?>
<!-- Generated by org.testng.reporters.JUnitReportReporter -->
<testsuite hostname="Raashids-MacBook-Air.local" failures="0" tests="5" name="testcases.ContactsPageTest" time="64.492" errors="0" timestamp="07 Sep. 2023 12:24:56 GMT" skipped="0">
  <testcase classname="testcases.ContactsPageTest" name="verifyContactsPageLabel" time="10.739"/>
  <testcase classname="testcases.ContactsPageTest" name="clickOnContacts" time="11.675"/>
  <testcase classname="testcases.ContactsPageTest" name="validateCreateNewContact" time="12.064"/>
  <testcase classname="testcases.ContactsPageTest" name="validateCreateNewContact" time="12.294"/>
  <testcase classname="testcases.ContactsPageTest" name="validateCreateNewContact" time="17.720"/>
</testsuite> <!-- testcases.ContactsPageTest -->
