<?xml version="1.0" encoding="UTF-8"?>
<!-- Generated by org.testng.reporters.JUnitReportReporter -->
<testsuite hostname="Raashids-MacBook-Air.local" failures="0" tests="2" name="testcases.LoginPageTest" time="19.270" errors="0" timestamp="06 Sep. 2023 14:07:01 GMT" skipped="0">
  <testcase classname="testcases.LoginPageTest" name="verifyPageTitleTest" time="6.991"/>
  <testcase classname="testcases.LoginPageTest" name="login" time="12.279"/>
</testsuite> <!-- testcases.LoginPageTest -->
