<?xml version="1.0" encoding="UTF-8"?>
<!-- Generated by org.testng.reporters.JUnitReportReporter -->
<testsuite hostname="Raashids-MacBook-Air.local" failures="0" tests="3" name="testcases.HomePageTest" time="32.504" errors="0" timestamp="07 Sep. 2023 12:24:56 GMT" skipped="0">
  <testcase classname="testcases.HomePageTest" name="verifyHomePageTitleTest" time="9.811"/>
  <testcase classname="testcases.HomePageTest" name="verifyUserNameTest" time="12.052"/>
  <testcase classname="testcases.HomePageTest" name="verifyContactLinkTest" time="10.641"/>
</testsuite> <!-- testcases.HomePageTest -->
