<?xml version="1.0" encoding="UTF-8"?>
<!-- Generated by org.testng.reporters.JUnitReportReporter -->
<testsuite hostname="Raashids-MacBook-Air.local" failures="0" tests="2" name="testcases.ContactsPageTest" time="34.626" errors="0" timestamp="06 Sep. 2023 14:07:01 GMT" skipped="0">
  <testcase classname="testcases.ContactsPageTest" name="verifyContactsPageLabel" time="16.446"/>
  <testcase classname="testcases.ContactsPageTest" name="clickOnContacts" time="18.180"/>
</testsuite> <!-- testcases.ContactsPageTest -->
